{"level":"debug","ts":1607055193561,"caller":"endpoint/middleware.go:16","msg":"<nil>","调用 v4_endpoint LoggingMiddleware":"处理完请求","耗时毫秒":0}
{"level":"debug","ts":1607055599883,"caller":"endpoint/middleware.go:16","msg":"<nil>","调用 LoggingMiddleware":"处理完请求","耗时毫秒":0}
{"level":"debug","ts":1607055607269,"caller":"endpoint/middleware.go:16","msg":"<nil>","调用 LoggingMiddleware":"处理完请求","耗时毫秒":0}
{"level":"debug","ts":1607055688248,"caller":"endpoint/middleware.go:16","msg":"<nil>","调用 LoggingMiddleware":"处理完请求","耗时毫秒":0}
{"level":"debug","ts":1607055762842,"caller":"endpoint/middleware.go:16","msg":"<nil>","调用 LoggingMiddleware":"处理完请求","耗时毫秒":0}
{"level":"debug","ts":1607055977342,"caller":"endpoint/middleware.go:16","msg":"<nil>","调用 LoggingMiddleware":"处理完请求","耗时毫秒":0}
{"level":"debug","ts":1607055979280,"caller":"endpoint/middleware.go:16","msg":"<nil>","调用 LoggingMiddleware":"处理完请求","耗时毫秒":0}
{"level":"debug","ts":1607055980379,"caller":"endpoint/middleware.go:16","msg":"<nil>","调用 LoggingMiddleware":"处理完请求","耗时毫秒":0}
{"level":"debug","ts":1607056000567,"caller":"endpoint/middleware.go:16","msg":"<nil>","调用 LoggingMiddleware":"处理完请求","耗时毫秒":0}
{"level":"debug","ts":1607060042458,"caller":"endpoint/middleware.go:16","msg":"<nil>","调用 LoggingMiddleware":"处理完请求","耗时毫秒":0}
{"level":"debug","ts":1607060066915,"caller":"endpoint/middleware.go:16","msg":"<nil>","调用 LoggingMiddleware":"处理完请求","耗时毫秒":0}
{"level":"debug","ts":1607060068378,"caller":"endpoint/middleware.go:16","msg":"<nil>","调用 LoggingMiddleware":"处理完请求","耗时毫秒":0}
{"level":"debug","ts":1607060069805,"caller":"endpoint/middleware.go:16","msg":"<nil>","调用 LoggingMiddleware":"处理完请求","耗时毫秒":0}
{"level":"debug","ts":1607060071339,"caller":"endpoint/middleware.go:16","msg":"<nil>","调用 LoggingMiddleware":"处理完请求","耗时毫秒":0}
{"level":"debug","ts":1607060141710,"caller":"endpoint/middleware.go:16","msg":"<nil>","调用 LoggingMiddleware":"处理完请求","耗时毫秒":0}
{"level":"debug","ts":1607060195575,"caller":"endpoint/middleware.go:16","msg":"<nil>","调用 LoggingMiddleware":"处理完请求","耗时毫秒":0}
{"level":"debug","ts":1607060268919,"caller":"endpoint/middleware.go:16","msg":"<nil>","调用 LoggingMiddleware":"处理完请求","耗时毫秒":0}
{"level":"debug","ts":1607060270226,"caller":"endpoint/middleware.go:16","msg":"<nil>","调用 LoggingMiddleware":"处理完请求","耗时毫秒":0}
{"level":"debug","ts":1607060300990,"caller":"endpoint/middleware.go:16","msg":"<nil>","调用 LoggingMiddleware":"处理完请求","耗时毫秒":0}
{"level":"debug","ts":1607060302402,"caller":"endpoint/middleware.go:16","msg":"<nil>","调用 LoggingMiddleware":"处理完请求","耗时毫秒":0}
{"level":"debug","ts":1607060303172,"caller":"endpoint/middleware.go:16","msg":"<nil>","调用 LoggingMiddleware":"处理完请求","耗时毫秒":0}
{"level":"debug","ts":1607060304903,"caller":"endpoint/middleware.go:16","msg":"<nil>","调用 LoggingMiddleware":"处理完请求","耗时毫秒":0}
{"level":"debug","ts":1607060308940,"caller":"endpoint/middleware.go:16","msg":"<nil>","调用 LoggingMiddleware":"处理完请求","耗时毫秒":0}
{"level":"debug","ts":1607060309565,"caller":"endpoint/middleware.go:16","msg":"<nil>","调用 LoggingMiddleware":"处理完请求","耗时毫秒":0}
{"level":"debug","ts":1607060310188,"caller":"endpoint/middleware.go:16","msg":"<nil>","调用 LoggingMiddleware":"处理完请求","耗时毫秒":0}
{"level":"debug","ts":1607060692596,"caller":"endpoint/middleware.go:18","msg":"<nil>","调用 LoggingMiddleware":"处理完请求","耗时毫秒":0}
{"level":"debug","ts":1607060696253,"caller":"endpoint/middleware.go:18","msg":"<nil>","调用 LoggingMiddleware":"处理完请求","耗时毫秒":0}
{"level":"debug","ts":1607060756352,"caller":"endpoint/middleware.go:18","msg":"<nil>","调用 LoggingMiddleware":"处理完请求","耗时毫秒":0}
{"level":"debug","ts":1607060756589,"caller":"endpoint/middleware.go:18","msg":"<nil>","调用 LoggingMiddleware":"处理完请求","耗时毫秒":0}
{"level":"debug","ts":1607060758284,"caller":"endpoint/middleware.go:18","msg":"<nil>","调用 LoggingMiddleware":"处理完请求","耗时毫秒":0}
{"level":"debug","ts":1607060758596,"caller":"endpoint/middleware.go:18","msg":"<nil>","调用 LoggingMiddleware":"处理完请求","耗时毫秒":0}
{"level":"debug","ts":1607060758963,"caller":"endpoint/middleware.go:18","msg":"<nil>","调用 LoggingMiddleware":"处理完请求","耗时毫秒":0}
{"level":"debug","ts":1607060764107,"caller":"endpoint/middleware.go:18","msg":"<nil>","调用 LoggingMiddleware":"处理完请求","耗时毫秒":0}
{"level":"debug","ts":1607060764509,"caller":"endpoint/middleware.go:18","msg":"<nil>","调用 LoggingMiddleware":"处理完请求","耗时毫秒":0}
{"level":"debug","ts":1607060768924,"caller":"endpoint/middleware.go:18","msg":"<nil>","调用 LoggingMiddleware":"处理完请求","耗时毫秒":0}
{"level":"debug","ts":1607060769380,"caller":"endpoint/middleware.go:18","msg":"<nil>","调用 LoggingMiddleware":"处理完请求","耗时毫秒":0}
{"level":"debug","ts":1607060770033,"caller":"endpoint/middleware.go:18","msg":"<nil>","调用 LoggingMiddleware":"处理完请求","耗时毫秒":0}
{"level":"debug","ts":1607060770439,"caller":"endpoint/middleware.go:18","msg":"<nil>","调用 LoggingMiddleware":"处理完请求","耗时毫秒":0}
{"level":"debug","ts":1607060770739,"caller":"endpoint/middleware.go:18","msg":"<nil>","调用 LoggingMiddleware":"处理完请求","耗时毫秒":0}
{"level":"debug","ts":1607060772904,"caller":"endpoint/middleware.go:18","msg":"<nil>","调用 LoggingMiddleware":"处理完请求","耗时毫秒":0}
{"level":"debug","ts":1607060773421,"caller":"endpoint/middleware.go:18","msg":"<nil>","调用 LoggingMiddleware":"处理完请求","耗时毫秒":0}
{"level":"debug","ts":1607060773995,"caller":"endpoint/middleware.go:18","msg":"<nil>","调用 LoggingMiddleware":"处理完请求","耗时毫秒":0}
{"level":"debug","ts":1607060775384,"caller":"endpoint/middleware.go:18","msg":"<nil>","调用 LoggingMiddleware":"处理完请求","耗时毫秒":0}
{"level":"debug","ts":1607060775750,"caller":"endpoint/middleware.go:18","msg":"<nil>","调用 LoggingMiddleware":"处理完请求","耗时毫秒":0}
{"level":"debug","ts":1607060776093,"caller":"endpoint/middleware.go:18","msg":"<nil>","调用 LoggingMiddleware":"处理完请求","耗时毫秒":0}
{"level":"debug","ts":1607060776614,"caller":"endpoint/middleware.go:18","msg":"<nil>","调用 LoggingMiddleware":"处理完请求","耗时毫秒":0}
{"level":"debug","ts":1607060777032,"caller":"endpoint/middleware.go:18","msg":"<nil>","调用 LoggingMiddleware":"处理完请求","耗时毫秒":0}
{"level":"debug","ts":1607061493431,"caller":"endpoint/middleware.go:18","msg":"f84bc2dd-a16e-579c-a4cc-3017497e85a5","调用 LoggingMiddleware":"处理完请求","耗时毫秒":0}
{"level":"debug","ts":1607061497565,"caller":"endpoint/middleware.go:18","msg":"318a6cb0-4279-528b-9ca3-cfc2941296d9","调用 LoggingMiddleware":"处理完请求","耗时毫秒":0}
{"level":"debug","ts":1607061578900,"caller":"endpoint/middleware.go:18","msg":"请求uid：c56d1aa6-ec51-5409-b5c2-73f9cd00ff2a","调用 LoggingMiddleware":"处理完请求","耗时毫秒":0}
{"level":"debug","ts":1607061580601,"caller":"endpoint/middleware.go:18","msg":"请求uid：8204cb95-68d3-53fe-a8de-d8d9c49bbacb","调用 LoggingMiddleware":"处理完请求","耗时毫秒":0}
{"level":"debug","ts":1607062603490,"caller":"endpoint/middleware.go:18","msg":"请求uid：78d7ca13-de0d-5011-b578-18cd28d1e311","调用 LoggingMiddleware":"处理完请求","耗时毫秒":0}
{"level":"debug","ts":1607062605823,"caller":"endpoint/middleware.go:18","msg":"请求uid：cda4f49b-d731-50a5-93f2-aa52f393aa3e","调用 LoggingMiddleware":"处理完请求","耗时毫秒":0}
{"level":"debug","ts":1607062607617,"caller":"endpoint/middleware.go:18","msg":"请求uid：473a75ca-0678-5fc4-8794-7c917f7226dc","调用 LoggingMiddleware":"处理完请求","耗时毫秒":0}
{"level":"debug","ts":1607062610978,"caller":"endpoint/middleware.go:18","msg":"请求uid：625f3292-033b-5510-848f-9f4da365e091","调用 LoggingMiddleware":"处理完请求","耗时毫秒":0}
{"level":"debug","ts":1607065565987,"caller":"endpoint/middleware.go:18","msg":"请求uid：fa8df4de-730e-589a-8949-f140549a6277","调用 LoggingMiddleware":"处理完请求","耗时毫秒":0}
{"level":"debug","ts":1607066330915,"caller":"endpoint/middleware.go:18","msg":"请求uid：cbeaafe3-0b02-59dc-a919-54e41ce1436e","调用 LoggingMiddleware":"处理完请求","耗时毫秒":0}
{"level":"debug","ts":1607073069671,"caller":"endpoint/middleware.go:18","msg":"请求uid：6d515b1b-883f-563b-96ff-fc9ec69fe327","调用 LoggingMiddleware":"处理完请求","耗时毫秒":0}
{"level":"debug","ts":1607073073840,"caller":"endpoint/middleware.go:18","msg":"请求uid：9ab5f031-2df2-58bc-9ae1-6df4b72c6a5f","调用 LoggingMiddleware":"处理完请求","耗时毫秒":0}
{"level":"debug","ts":1607073082344,"caller":"endpoint/middleware.go:18","msg":"请求uid：ac59f540-0850-5739-bb73-9e75d53b75ce","调用 LoggingMiddleware":"处理完请求","耗时毫秒":0}
{"level":"debug","ts":1607304923923,"caller":"endpoint/middleware.go:18","msg":"请求uid：548f128d-5952-5276-8f3d-15bce1cbcf43","调用 LoggingMiddleware":"处理完请求","耗时毫秒":0}
{"level":"debug","ts":1607305045871,"caller":"endpoint/middleware.go:18","msg":"请求uid：0130448f-f29a-5c04-8050-acb8a275154b","调用 LoggingMiddleware":"处理完请求","耗时毫秒":1}
{"level":"debug","ts":1607671980993,"caller":"endpoint/middleware.go:18","msg":"请求uid：059a2eeb-a27f-5bf1-bb50-f9ee5c17286d","调用 LoggingMiddleware":"处理完请求","耗时毫秒":5}
{"level":"debug","ts":1607676849992,"caller":"endpoint/middleware.go:18","msg":"请求uid：9b141079-300e-558e-961d-2f00bdf5f334","调用 LoggingMiddleware":"处理完请求","耗时毫秒":0}
{"level":"debug","ts":1607677209044,"caller":"endpoint/middleware.go:18","msg":"请求uid：073791b7-26c6-5cf6-a19f-67b2b90d6bad","调用 LoggingMiddleware":"处理完请求","耗时毫秒":0}
{"level":"debug","ts":1607677308140,"caller":"endpoint/middleware.go:18","msg":"请求uid：dc62da60-761b-5417-9209-c04d27bae313","调用 LoggingMiddleware":"处理完请求","耗时毫秒":0}
{"level":"debug","ts":1607677324486,"caller":"endpoint/middleware.go:18","msg":"请求uid：f0b61e8e-475b-5571-aa7c-b25fb727df22","调用 LoggingMiddleware":"处理完请求","耗时毫秒":0}
{"level":"debug","ts":1607677358284,"caller":"endpoint/middleware.go:18","msg":"请求uid：ab2094f6-0862-5d98-a278-697f1c7bf886","调用 LoggingMiddleware":"处理完请求","耗时毫秒":0}
{"level":"debug","ts":1607677450518,"caller":"endpoint/middleware.go:18","msg":"请求uid：b9b7017c-ddc9-5a49-bc72-42ff2487461c","调用 LoggingMiddleware":"处理完请求","耗时毫秒":0}
{"level":"debug","ts":1607677470010,"caller":"endpoint/middleware.go:18","msg":"请求uid：3e003b25-cdd3-5571-878d-df6864491fc2","调用 LoggingMiddleware":"处理完请求","耗时毫秒":0}
{"level":"debug","ts":1607677582072,"caller":"endpoint/middleware.go:18","msg":"请求uid：a6abfb2f-22e6-52bf-9468-bcc2483e3cb6","调用 LoggingMiddleware":"处理完请求","耗时毫秒":0}
{"level":"debug","ts":1607677593307,"caller":"endpoint/middleware.go:18","msg":"请求uid：1faa5482-0221-529f-aa13-a386044a7a8e","调用 LoggingMiddleware":"处理完请求","耗时毫秒":0}
{"level":"debug","ts":1607677683575,"caller":"endpoint/middleware.go:18","msg":"请求uid：5b8190cf-7fc6-5d60-88a1-88edf22d1735","调用 LoggingMiddleware":"处理完请求","耗时毫秒":2}
{"level":"debug","ts":1607677716945,"caller":"endpoint/middleware.go:18","msg":"请求uid：e2936581-1e20-5f36-871c-3422c3af6d2d","调用 LoggingMiddleware":"处理完请求","耗时毫秒":0}
{"level":"debug","ts":1607677718574,"caller":"endpoint/middleware.go:18","msg":"请求uid：548e1afe-0f30-5396-9b1b-294f936bfc3e","调用 LoggingMiddleware":"处理完请求","耗时毫秒":0}
{"level":"debug","ts":1607677721418,"caller":"endpoint/middleware.go:18","msg":"请求uid：f1d11716-68a4-587e-bd2e-1e4885cce28e","调用 LoggingMiddleware":"处理完请求","耗时毫秒":1}
{"level":"debug","ts":1607678132862,"caller":"endpoint/middleware.go:18","msg":"请求uid：1ef88cba-b964-5a00-9dbb-e8f521c8da63","调用 LoggingMiddleware":"处理完请求","耗时毫秒":0}
{"level":"debug","ts":1607678765124,"caller":"endpoint/middleware.go:18","msg":"请求uid：db1c87ec-238c-55b8-bbda-ab04a1ac2cfd","调用 LoggingMiddleware":"处理完请求","耗时毫秒":0}
{"level":"debug","ts":1607678839038,"caller":"endpoint/middleware.go:18","msg":"请求uid：cf8dd96f-866f-54bd-b8c1-5a3cf0415ca9","调用 LoggingMiddleware":"处理完请求","耗时毫秒":0}
{"level":"debug","ts":1607678865471,"caller":"endpoint/middleware.go:18","msg":"请求uid：7dfd8c27-b06c-5278-b478-91e93be3cade","调用 LoggingMiddleware":"处理完请求","耗时毫秒":1}
{"level":"debug","ts":1607681282575,"caller":"endpoint/middleware.go:18","msg":"请求uid：3e008526-980d-5f39-87c0-c2dd2b23e7d4","调用 LoggingMiddleware":"处理完请求","耗时毫秒":0}
{"level":"debug","ts":1607681286037,"caller":"endpoint/middleware.go:18","msg":"请求uid：c8fbc4c3-8f74-55f5-bb58-2abd9a92ac90","调用 LoggingMiddleware":"处理完请求","耗时毫秒":0}
{"level":"debug","ts":1607681296396,"caller":"endpoint/middleware.go:18","msg":"请求uid：728c19ff-b0bc-5ba0-aad6-1281e87637de","调用 LoggingMiddleware":"处理完请求","耗时毫秒":0}
{"level":"debug","ts":1607682518128,"caller":"endpoint/middleware.go:18","msg":"请求uid：4b6b2ad9-6a43-54eb-815e-2ad0e334834b","调用 LoggingMiddleware":"处理完请求","耗时毫秒":0}
{"level":"debug","ts":1607682522782,"caller":"endpoint/middleware.go:18","msg":"请求uid：97552560-4a73-5468-bfa0-1994683c5112","调用 LoggingMiddleware":"处理完请求","耗时毫秒":0}
{"level":"debug","ts":1607682606552,"caller":"endpoint/middleware.go:18","msg":"请求uid：85a15415-5ef7-57bd-a763-13ed2d2cbdf9","调用 LoggingMiddleware":"处理完请求","耗时毫秒":0}
{"level":"debug","ts":1607682695712,"caller":"endpoint/middleware.go:18","msg":"请求uid：63245d31-3c28-50c2-8f2d-94aea0725b7b","调用 LoggingMiddleware":"处理完请求","耗时毫秒":1}
{"level":"debug","ts":1607682824301,"caller":"endpoint/middleware.go:18","msg":"请求uid：1cdf035a-4e79-56ee-bbb3-46ef26c4eb2a","调用 LoggingMiddleware":"处理完请求","耗时毫秒":4}
{"level":"debug","ts":1607682867693,"caller":"endpoint/middleware.go:18","msg":"请求uid：c10d884b-8ad4-5182-a4ed-4c6308535b57","调用 LoggingMiddleware":"处理完请求","耗时毫秒":0}
{"level":"debug","ts":1607682868817,"caller":"endpoint/middleware.go:18","msg":"请求uid：cbde523e-2700-52d2-a330-2ae623a0ab54","调用 LoggingMiddleware":"处理完请求","耗时毫秒":0}
{"level":"debug","ts":1607765018628,"caller":"endpoint/middleware.go:18","msg":"请求uid：82eef1f0-1fe9-5327-88c8-fe21ef8ff5bf","调用 LoggingMiddleware":"处理完请求","耗时毫秒":56}
{"level":"debug","ts":1607765200144,"caller":"endpoint/middleware.go:18","msg":"请求uid：fb826e6e-5c73-5d2b-b4e9-8e167d8dfecd","调用 LoggingMiddleware":"处理完请求","耗时毫秒":0}
{"level":"debug","ts":1607765312497,"caller":"endpoint/middleware.go:18","msg":"请求uid：46e4d659-757a-563d-97ea-d70c599ecc21","调用 LoggingMiddleware":"处理完请求","耗时毫秒":2}
{"level":"debug","ts":1608106527715,"caller":"endpoint/middleware.go:18","msg":"请求uid：2d83a3f7-bb23-5b97-ae40-2a62f2853d5b","调用 LoggingMiddleware":"处理完请求","耗时毫秒":65}
